<?xml version="1.0" encoding="UTF-8"?>
<!-- Generated by org.testng.reporters.JUnitReportReporter -->
<testsuite hostname="4ALT22J0037" failures="0" tests="2" name="masters.CreateEquipment_Project" time="48.116" errors="0" timestamp="11 Aug 2023 14:35:33 GMT">
  <testcase classname="masters.CreateEquipment_Project" name="addProj_tab1" time="33.528"/>
  <testcase classname="masters.CreateEquipment_Project" name="addequipement" time="14.588"/>
</testsuite> <!-- masters.CreateEquipment_Project -->
