<?xml version="1.0" encoding="UTF-8"?>
<!-- Generated by org.testng.reporters.JUnitReportReporter -->
<testsuite hostname="4ALT22J0037" failures="0" tests="1" name="masters.Welding_Weldermaster" time="19.066" errors="0" timestamp="5 Jun 2023 11:24:54 GMT">
  <testcase classname="masters.Welding_Weldermaster" name="addWelder" time="19.066"/>
</testsuite> <!-- masters.Welding_Weldermaster -->
