<?xml version="1.0" encoding="UTF-8"?>
<!-- Generated by org.testng.reporters.JUnitReportReporter -->
<testsuite hostname="4ALT22J0037" failures="0" tests="1" name="masters.GBCS_ChecklistMaster" time="78.480" errors="0" timestamp="2 Aug 2023 06:07:58 GMT">
  <testcase classname="masters.GBCS_ChecklistMaster" name="NoChecklistMaintained" time="78.480"/>
</testsuite> <!-- masters.GBCS_ChecklistMaster -->
