<?xml version="1.0" encoding="UTF-8"?>
<!-- Generated by org.testng.reporters.JUnitReportReporter -->
<testsuite hostname="4ALT22J0037" name="masters.AEM_LocationMaster" tests="6" failures="0" timestamp="25 Apr 2023 12:13:33 GMT" time="87.130" errors="0">
  <testcase name="addLocation" time="15.276" classname="masters.AEM_LocationMaster"/>
  <testcase name="addLocation" time="15.426" classname="masters.AEM_LocationMaster"/>
  <testcase name="addLocation" time="11.827" classname="masters.AEM_LocationMaster"/>
  <testcase name="addLocation" time="13.993" classname="masters.AEM_LocationMaster"/>
  <testcase name="addLocation" time="15.317" classname="masters.AEM_LocationMaster"/>
  <testcase name="addLocation" time="15.291" classname="masters.AEM_LocationMaster"/>
</testsuite> <!-- masters.AEM_LocationMaster -->
