<?xml version="1.0" encoding="UTF-8"?>
<!-- Generated by org.testng.reporters.JUnitReportReporter -->
<testsuite hostname="4ALT22J0037" failures="0" tests="4" name="masters.GBCS_CompanyDivMaster" time="42.764" errors="0" timestamp="16 Oct 2023 09:33:59 GMT">
  <testcase classname="masters.GBCS_CompanyDivMaster" name="SearchByLocationType" time="10.901"/>
  <testcase classname="masters.GBCS_CompanyDivMaster" name="SearchByStatus" time="13.229"/>
  <testcase classname="masters.GBCS_CompanyDivMaster" name="SearchByCompanyDivisionName" time="9.799"/>
  <testcase classname="masters.GBCS_CompanyDivMaster" name="SearchByCompanyDivisionCode" time="8.835"/>
</testsuite> <!-- masters.GBCS_CompanyDivMaster -->
