<?xml version="1.0" encoding="UTF-8"?>
<!-- Generated by org.testng.reporters.JUnitReportReporter -->
<testsuite hostname="4ALT22J0037" failures="0" tests="1" name="masters.GBCS_ServiceMaster" time="12.194" errors="0" timestamp="8 Aug 2023 11:19:42 GMT">
  <testcase classname="masters.GBCS_ServiceMaster" name="addequipement" time="12.194"/>
</testsuite> <!-- masters.GBCS_ServiceMaster -->
