<?xml version="1.0" encoding="UTF-8"?>
<!-- Generated by org.testng.reporters.JUnitReportReporter -->
<testsuite hostname="4ALT22J0037" failures="0" tests="22" name="masters.GBCS_UserMaster" time="359.667" errors="0" timestamp="23 Jun 2023 12:29:52 GMT">
  <testcase classname="masters.GBCS_UserMaster" name="adduser" time="21.555"/>
  <testcase classname="masters.GBCS_UserMaster" name="adduser" time="21.865"/>
  <testcase classname="masters.GBCS_UserMaster" name="Searchbycompany" time="8.115"/>
  <testcase classname="masters.GBCS_UserMaster" name="adduser" time="21.797"/>
  <testcase classname="masters.GBCS_UserMaster" name="adduser" time="21.248"/>
  <testcase classname="masters.GBCS_UserMaster" name="adduser" time="21.465"/>
  <testcase classname="masters.GBCS_UserMaster" name="Searchbyusername" time="8.079"/>
  <testcase classname="masters.GBCS_UserMaster" name="adduser" time="21.521"/>
  <testcase classname="masters.GBCS_UserMaster" name="adduser" time="21.251"/>
  <testcase classname="masters.GBCS_UserMaster" name="viewuser_excel" time="28.640"/>
  <testcase classname="masters.GBCS_UserMaster" name="adduser" time="21.190"/>
  <testcase classname="masters.GBCS_UserMaster" name="Searchbyuserrole" time="7.130"/>
  <testcase classname="masters.GBCS_UserMaster" name="adduser" time="22.025"/>
  <testcase classname="masters.GBCS_UserMaster" name="Searchbyuserdesig" time="7.073"/>
  <testcase classname="masters.GBCS_UserMaster" name="Searchbyusertype" time="8.140"/>
  <testcase classname="masters.GBCS_UserMaster" name="deleteuser" time="12.823"/>
  <testcase classname="masters.GBCS_UserMaster" name="adduser" time="21.366"/>
  <testcase classname="masters.GBCS_UserMaster" name="Searchbyuserid" time="8.120"/>
  <testcase classname="masters.GBCS_UserMaster" name="updateuser" time="23.581"/>
  <testcase classname="masters.GBCS_UserMaster" name="Searchbystatus" time="7.020"/>
  <testcase classname="masters.GBCS_UserMaster" name="deleteuser" time="12.822"/>
  <testcase classname="masters.GBCS_UserMaster" name="deleteuser" time="12.841"/>
</testsuite> <!-- masters.GBCS_UserMaster -->
