<?xml version="1.0" encoding="UTF-8"?>
<!-- Generated by org.testng.reporters.JUnitReportReporter -->
<testsuite hostname="4ALT22J0037" failures="0" tests="12" name="masters.GBCS_SOR" time="652.291" errors="0" timestamp="21 Jul 2023 10:47:02 GMT">
  <testcase classname="masters.GBCS_SOR" name="Addmethod" time="146.407"/>
  <testcase classname="masters.GBCS_SOR" name="checkraisedby" time="16.894"/>
  <testcase classname="masters.GBCS_SOR" name="Addmethod" time="74.548"/>
  <testcase classname="masters.GBCS_SOR" name="Addmethod" time="63.227"/>
  <testcase classname="masters.GBCS_SOR" name="Addmethod" time="84.243"/>
  <testcase classname="masters.GBCS_SOR" name="delete_sor" time="12.653"/>
  <testcase classname="masters.GBCS_SOR" name="edit_sor" time="16.779"/>
  <testcase classname="masters.GBCS_SOR" name="Addmethod" time="75.069"/>
  <testcase classname="masters.GBCS_SOR" name="delete_sor" time="12.603"/>
  <testcase classname="masters.GBCS_SOR" name="Addmethod" time="74.630"/>
  <testcase classname="masters.GBCS_SOR" name="Addmethod" time="66.454"/>
  <testcase classname="masters.GBCS_SOR" name="selectproject" time="8.784"/>
</testsuite> <!-- masters.GBCS_SOR -->
