<?xml version="1.0" encoding="UTF-8"?>
<!-- Generated by org.testng.reporters.JUnitReportReporter -->
<testsuite hostname="4ALT22J0037" failures="0" tests="1" name="masters.GBCS_Checklist_Projectchecklist" time="44.803" errors="0" timestamp="11 Aug 2023 15:25:37 GMT">
  <testcase classname="masters.GBCS_Checklist_Projectchecklist" name="submitproject_chkandview" time="44.803"/>
</testsuite> <!-- masters.GBCS_Checklist_Projectchecklist -->
